d:\work\wpfib_libs\fiberapp\src\win\winfbrapp\winfbrapp\x64\release\vc120.pdb
d:\work\wpfib_libs\fiberapp\src\win\winfbrapp\winfbrapp\x64\release\windowprocbase.obj
d:\work\wpfib_libs\fiberapp\src\win\winfbrapp\winfbrapp\x64\release\winbjnrenderer.obj
d:\work\wpfib_libs\fiberapp\src\win\winfbrapp\winfbrapp\x64\release\winaudiodevconfig.obj
d:\work\wpfib_libs\fiberapp\src\win\winfbrapp\winfbrapp\x64\release\gdivideorenderer.obj
d:\work\wpfib_libs\fiberapp\src\win\winfbrapp\winfbrapp\x64\release\d3d_render.obj
d:\work\wpfib_libs\fiberapp\src\win\winfbrapp\winfbrapp\x64\release\fiberapi.obj
d:\work\wpfib_libs\fiberapp\src\win\winfbrapp\winfbrapp\x64\release\dxvideorenderer.obj
d:\work\wpfib_libs\fiberapp\src\win\winfbrapp\winfbrapp\x64\release\dxbjnrenderer.obj
d:\work\wpfib_libs\fiberapp\src\win\winfbrapp\winfbrapp\x64\release\d3dproxywidget.obj
d:\work\wpfib_libs\fiberapp\src\win\winfbrapp\winfbrapp\x64\release\webrtc_voe_dev.obj
d:\work\wpfib_libs\fiberapp\src\win\winfbrapp\winfbrapp\x64\release\webrtc_capture_dev.obj
d:\work\wpfib_libs\fiberapp\src\win\winfbrapp\winfbrapp\x64\release\uiwidget.obj
d:\work\wpfib_libs\fiberapp\src\win\winfbrapp\winfbrapp\x64\release\skinnysipmanager.obj
d:\work\wpfib_libs\fiberapp\src\win\winfbrapp\winfbrapp\x64\release\openlog.obj
d:\work\wpfib_libs\fiberapp\src\win\winfbrapp\winfbrapp\x64\release\callapi.obj
d:\work\wpfib_libs\fiberapp\src\win\winfbrapp\winfbrapp\x64\release\bjn_render_dev.obj
d:\work\wpfib_libs\fiberapp\src\win\winfbrapp\winfbrapp\x64\release\bjn_cpu_monitor.obj
d:\work\wpfib_libs\fiberapp\src\win\winfbrapp\winfbrapp\x64\release\bjnhelpers.obj
d:\work\wpfib_libs\fiberapp\src\win\winfbrapp\winfbrapp\x64\release\bjndevices.obj
d:\work\wpfib_libs\fiberapp\src\win\winfbrapp\winfbrapp\x64\release\audiodevconfig.obj
d:\work\wpfib_libs\fiberapp\src\win\winfbrapp\winfbrapp\x64\release\stdafx.obj
d:\work\wpfib_libs\fiberapp\src\win\winfbrapp\winfbrapp\x64\release\winutils.obj
d:\work\wpfib_libs\fiberapp\src\win\winfbrapp\winfbrapp\x64\release\winuiwidget.obj
d:\work\wpfib_libs\fiberapp\src\win\winfbrapp\winfbrapp\x64\release\winnetwork_monitor.obj
d:\work\wpfib_libs\bin\x64\release\winfbrapp.dll
d:\work\wpfib_libs\x64\bin\release\winfbrapp.pdb
d:\work\wpfib_libs\x64\release\winfbrapp.lib
d:\work\wpfib_libs\x64\release\winfbrapp.exp
c:\work\freeswitch_test\wpfib_essentials\fiberapp\src\win\winfbrapp\winfbrapp\x64\release\audiodevconfig.obj
c:\work\freeswitch_test\wpfib_essentials\fiberapp\src\win\winfbrapp\winfbrapp\x64\release\bjndevices.obj
c:\work\freeswitch_test\wpfib_essentials\fiberapp\src\win\winfbrapp\winfbrapp\x64\release\bjnhelpers.obj
c:\work\freeswitch_test\wpfib_essentials\fiberapp\src\win\winfbrapp\winfbrapp\x64\release\bjn_cpu_monitor.obj
c:\work\freeswitch_test\wpfib_essentials\fiberapp\src\win\winfbrapp\winfbrapp\x64\release\bjn_render_dev.obj
c:\work\freeswitch_test\wpfib_essentials\fiberapp\src\win\winfbrapp\winfbrapp\x64\release\callapi.obj
c:\work\freeswitch_test\wpfib_essentials\fiberapp\src\win\winfbrapp\winfbrapp\x64\release\d3dproxywidget.obj
c:\work\freeswitch_test\wpfib_essentials\fiberapp\src\win\winfbrapp\winfbrapp\x64\release\d3d_render.obj
c:\work\freeswitch_test\wpfib_essentials\fiberapp\src\win\winfbrapp\winfbrapp\x64\release\dxbjnrenderer.obj
c:\work\freeswitch_test\wpfib_essentials\fiberapp\src\win\winfbrapp\winfbrapp\x64\release\dxvideorenderer.obj
c:\work\freeswitch_test\wpfib_essentials\fiberapp\src\win\winfbrapp\winfbrapp\x64\release\fiberapi.obj
c:\work\freeswitch_test\wpfib_essentials\fiberapp\src\win\winfbrapp\winfbrapp\x64\release\gdivideorenderer.obj
c:\work\freeswitch_test\wpfib_essentials\fiberapp\src\win\winfbrapp\winfbrapp\x64\release\openlog.obj
c:\work\freeswitch_test\wpfib_essentials\fiberapp\src\win\winfbrapp\winfbrapp\x64\release\skinnysipmanager.obj
c:\work\freeswitch_test\wpfib_essentials\fiberapp\src\win\winfbrapp\winfbrapp\x64\release\stdafx.obj
c:\work\freeswitch_test\wpfib_essentials\fiberapp\src\win\winfbrapp\winfbrapp\x64\release\uiwidget.obj
c:\work\freeswitch_test\wpfib_essentials\fiberapp\src\win\winfbrapp\winfbrapp\x64\release\webrtc_capture_dev.obj
c:\work\freeswitch_test\wpfib_essentials\fiberapp\src\win\winfbrapp\winfbrapp\x64\release\webrtc_voe_dev.obj
c:\work\freeswitch_test\wpfib_essentials\fiberapp\src\win\winfbrapp\winfbrapp\x64\release\winaudiodevconfig.obj
c:\work\freeswitch_test\wpfib_essentials\fiberapp\src\win\winfbrapp\winfbrapp\x64\release\winbjnrenderer.obj
c:\work\freeswitch_test\wpfib_essentials\fiberapp\src\win\winfbrapp\winfbrapp\x64\release\windowprocbase.obj
c:\work\freeswitch_test\wpfib_essentials\fiberapp\src\win\winfbrapp\winfbrapp\x64\release\winnetwork_monitor.obj
c:\work\freeswitch_test\wpfib_essentials\fiberapp\src\win\winfbrapp\winfbrapp\x64\release\winuiwidget.obj
c:\work\freeswitch_test\wpfib_essentials\fiberapp\src\win\winfbrapp\winfbrapp\x64\release\winutils.obj
c:\work\freeswitch_test\wpfib_essentials\fiberapp\src\win\winfbrapp\winfbrapp\x64\release\vc120.pdb
c:\work\freeswitch_test\wpfib_essentials\fiberapp\src\win\winfbrapp\winfbrapp\x64\release\winfbrapp.tlog\cl.command.1.tlog
c:\work\freeswitch_test\wpfib_essentials\fiberapp\src\win\winfbrapp\winfbrapp\x64\release\winfbrapp.tlog\cl.read.1.tlog
c:\work\freeswitch_test\wpfib_essentials\fiberapp\src\win\winfbrapp\winfbrapp\x64\release\winfbrapp.tlog\cl.write.1.tlog
c:\work\freeswitch_test\wpfib_essentials\fiberapp\src\win\winfbrapp\winfbrapp\x64\release\winfbrapp.tlog\link.command.1.tlog
c:\work\freeswitch_test\wpfib_essentials\fiberapp\src\win\winfbrapp\winfbrapp\x64\release\winfbrapp.tlog\link.read.1.tlog
c:\work\freeswitch_test\wpfib_essentials\fiberapp\src\win\winfbrapp\winfbrapp\x64\release\winfbrapp.tlog\link.write.1.tlog
c:\work\freeswitch_test\wpfib_essentials\fiberapp\src\win\winfbrapp\winfbrapp\x64\release\winfbrapp.tlog\winfbrapp.write.1u.tlog
